The target system is: Linux -  - 
The host system is: Linux - 6.0.13_1 - x86_64
Compiling the C compiler identification source file "CMakeCCompilerId.c" succeeded.
Compiler: /usr/bin/gcc 
Build flags: ;-Wall;-Wextra
Id flags:  

The output was:
0


Compilation of the C compiler identification source "CMakeCCompilerId.c" produced "a.out"

The C compiler identification is GNU, found in "/home/dirtyv/Codes/computer_systems/Assignment5_Plaintext_Decompressor/software/build/CMakeFiles/3.25.1/CompilerIdC/a.out"

Checking whether the ASM compiler is GNU using "--version" matched "(GNU assembler)|(GCC)|(Free Software Foundation)":
gcc (GCC) 12.2.0
Copyright (C) 2022 Free Software Foundation, Inc.
This is free software; see the source for copying conditions.  There is NO
warranty; not even for MERCHANTABILITY or FITNESS FOR A PARTICULAR PURPOSE.

Detecting C compiler ABI info compiled with the following output:
Change Dir: /home/dirtyv/Codes/computer_systems/Assignment5_Plaintext_Decompressor/software/build/CMakeFiles/CMakeScratch/TryCompile-ESpCkN

Run Build Command(s):/usr/bin/make -f Makefile cmTC_65f54/fast && /usr/bin/make  -f CMakeFiles/cmTC_65f54.dir/build.make CMakeFiles/cmTC_65f54.dir/build
make[1]: Entering directory '/home/dirtyv/Codes/computer_systems/Assignment5_Plaintext_Decompressor/software/build/CMakeFiles/CMakeScratch/TryCompile-ESpCkN'
Building C object CMakeFiles/cmTC_65f54.dir/CMakeCCompilerABI.c.o
/usr/bin/gcc   -Wall -Wextra    -v -std=gnu17 -o CMakeFiles/cmTC_65f54.dir/CMakeCCompilerABI.c.o -c /usr/share/cmake-3.25/Modules/CMakeCCompilerABI.c
Reading specs from /usr/lib64/gcc/x86_64-unknown-linux-gnu/12.2.0/specs
COLLECT_GCC=/usr/bin/gcc
Target: x86_64-unknown-linux-gnu
Configured with: /builddir/gcc-12.2.0/configure --build=x86_64-unknown-linux-gnu --enable-gnu-unique-object --enable-vtable-verify --prefix=/usr --mandir=/usr/share/man --infodir=/usr/share/info --libexecdir=/usr/lib64 --libdir=/usr/lib64 --enable-threads=posix --enable-__cxa_atexit --disable-multilib --with-system-zlib --enable-shared --enable-lto --enable-plugins --enable-linker-build-id --disable-werror --disable-nls --enable-default-pie --enable-default-ssp --enable-checking=release --disable-libstdcxx-pch --with-isl --with-linker-hash-style=gnu --disable-sjlj-exceptions --disable-target-libiberty --enable-languages=c,c++,objc,obj-c++,fortran,lto,go,ada
Thread model: posix
Supported LTO compression algorithms: zlib zstd
gcc version 12.2.0 (GCC) 
COLLECT_GCC_OPTIONS='-Wall' '-Wextra' '-v' '-std=gnu17' '-o' 'CMakeFiles/cmTC_65f54.dir/CMakeCCompilerABI.c.o' '-c' '-mtune=generic' '-march=x86-64' '-dumpdir' 'CMakeFiles/cmTC_65f54.dir/'
 /usr/lib64/gcc/x86_64-unknown-linux-gnu/12.2.0/cc1 -quiet -v /usr/share/cmake-3.25/Modules/CMakeCCompilerABI.c -quiet -dumpdir CMakeFiles/cmTC_65f54.dir/ -dumpbase CMakeCCompilerABI.c.c -dumpbase-ext .c -mtune=generic -march=x86-64 -Wall -Wextra -std=gnu17 -version -o /tmp/ccwS97Hh.s
GNU C17 (GCC) version 12.2.0 (x86_64-unknown-linux-gnu)
	compiled by GNU C version 12.2.0, GMP version 6.2.1, MPFR version 4.1.0, MPC version 1.2.1, isl version isl-0.24-GMP

GGC heuristics: --param ggc-min-expand=100 --param ggc-min-heapsize=131072
ignoring nonexistent directory "/usr/lib64/gcc/x86_64-unknown-linux-gnu/12.2.0/../../../../x86_64-unknown-linux-gnu/include"
#include "..." search starts here:
#include <...> search starts here:
 /usr/lib64/gcc/x86_64-unknown-linux-gnu/12.2.0/include
 /usr/local/include
 /usr/lib64/gcc/x86_64-unknown-linux-gnu/12.2.0/include-fixed
 /usr/include
End of search list.
GNU C17 (GCC) version 12.2.0 (x86_64-unknown-linux-gnu)
	compiled by GNU C version 12.2.0, GMP version 6.2.1, MPFR version 4.1.0, MPC version 1.2.1, isl version isl-0.24-GMP

GGC heuristics: --param ggc-min-expand=100 --param ggc-min-heapsize=131072
Compiler executable checksum: 8537a9d4530e8dfdc3845cf8d86bfec5
COLLECT_GCC_OPTIONS='-Wall' '-Wextra' '-v' '-std=gnu17' '-o' 'CMakeFiles/cmTC_65f54.dir/CMakeCCompilerABI.c.o' '-c' '-mtune=generic' '-march=x86-64' '-dumpdir' 'CMakeFiles/cmTC_65f54.dir/'
 as -v --64 -o CMakeFiles/cmTC_65f54.dir/CMakeCCompilerABI.c.o /tmp/ccwS97Hh.s
GNU assembler version 2.39 (x86_64-unknown-linux-gnu) using BFD version (GNU Binutils) 2.39
COMPILER_PATH=/usr/lib64/gcc/x86_64-unknown-linux-gnu/12.2.0/:/usr/lib64/gcc/x86_64-unknown-linux-gnu/12.2.0/:/usr/lib64/gcc/x86_64-unknown-linux-gnu/:/usr/lib64/gcc/x86_64-unknown-linux-gnu/12.2.0/:/usr/lib64/gcc/x86_64-unknown-linux-gnu/
LIBRARY_PATH=/usr/lib64/gcc/x86_64-unknown-linux-gnu/12.2.0/:/usr/lib64/gcc/x86_64-unknown-linux-gnu/12.2.0/../../../../lib64/:/lib/../lib64/:/usr/lib/../lib64/:/usr/lib64/gcc/x86_64-unknown-linux-gnu/12.2.0/../../../:/lib/:/usr/lib/
COLLECT_GCC_OPTIONS='-Wall' '-Wextra' '-v' '-std=gnu17' '-o' 'CMakeFiles/cmTC_65f54.dir/CMakeCCompilerABI.c.o' '-c' '-mtune=generic' '-march=x86-64' '-dumpdir' 'CMakeFiles/cmTC_65f54.dir/CMakeCCompilerABI.c.'
Linking C executable cmTC_65f54
/usr/bin/cmake -E cmake_link_script CMakeFiles/cmTC_65f54.dir/link.txt --verbose=1
/usr/bin/gcc  -Wall -Wextra   -v CMakeFiles/cmTC_65f54.dir/CMakeCCompilerABI.c.o -o cmTC_65f54 
Reading specs from /usr/lib64/gcc/x86_64-unknown-linux-gnu/12.2.0/specs
COLLECT_GCC=/usr/bin/gcc
COLLECT_LTO_WRAPPER=/usr/lib64/gcc/x86_64-unknown-linux-gnu/12.2.0/lto-wrapper
Target: x86_64-unknown-linux-gnu
Configured with: /builddir/gcc-12.2.0/configure --build=x86_64-unknown-linux-gnu --enable-gnu-unique-object --enable-vtable-verify --prefix=/usr --mandir=/usr/share/man --infodir=/usr/share/info --libexecdir=/usr/lib64 --libdir=/usr/lib64 --enable-threads=posix --enable-__cxa_atexit --disable-multilib --with-system-zlib --enable-shared --enable-lto --enable-plugins --enable-linker-build-id --disable-werror --disable-nls --enable-default-pie --enable-default-ssp --enable-checking=release --disable-libstdcxx-pch --with-isl --with-linker-hash-style=gnu --disable-sjlj-exceptions --disable-target-libiberty --enable-languages=c,c++,objc,obj-c++,fortran,lto,go,ada
Thread model: posix
Supported LTO compression algorithms: zlib zstd
gcc version 12.2.0 (GCC) 
COMPILER_PATH=/usr/lib64/gcc/x86_64-unknown-linux-gnu/12.2.0/:/usr/lib64/gcc/x86_64-unknown-linux-gnu/12.2.0/:/usr/lib64/gcc/x86_64-unknown-linux-gnu/:/usr/lib64/gcc/x86_64-unknown-linux-gnu/12.2.0/:/usr/lib64/gcc/x86_64-unknown-linux-gnu/
LIBRARY_PATH=/usr/lib64/gcc/x86_64-unknown-linux-gnu/12.2.0/:/usr/lib64/gcc/x86_64-unknown-linux-gnu/12.2.0/../../../../lib64/:/lib/../lib64/:/usr/lib/../lib64/:/usr/lib64/gcc/x86_64-unknown-linux-gnu/12.2.0/../../../:/lib/:/usr/lib/
COLLECT_GCC_OPTIONS='-Wall' '-Wextra' '-v' '-o' 'cmTC_65f54' '-mtune=generic' '-march=x86-64' '-dumpdir' 'cmTC_65f54.'
 /usr/lib64/gcc/x86_64-unknown-linux-gnu/12.2.0/collect2 -plugin /usr/lib64/gcc/x86_64-unknown-linux-gnu/12.2.0/liblto_plugin.so -plugin-opt=/usr/lib64/gcc/x86_64-unknown-linux-gnu/12.2.0/lto-wrapper -plugin-opt=-fresolution=/tmp/ccPyCOY5.res -plugin-opt=-pass-through=-lgcc -plugin-opt=-pass-through=-lgcc_s -plugin-opt=-pass-through=-lc -plugin-opt=-pass-through=-lgcc -plugin-opt=-pass-through=-lgcc_s --build-id --eh-frame-hdr --hash-style=gnu -m elf_x86_64 -dynamic-linker /lib64/ld-linux-x86-64.so.2 -pie -o cmTC_65f54 /usr/lib64/gcc/x86_64-unknown-linux-gnu/12.2.0/../../../../lib64/Scrt1.o /usr/lib64/gcc/x86_64-unknown-linux-gnu/12.2.0/../../../../lib64/crti.o /usr/lib64/gcc/x86_64-unknown-linux-gnu/12.2.0/crtbeginS.o -L/usr/lib64/gcc/x86_64-unknown-linux-gnu/12.2.0 -L/usr/lib64/gcc/x86_64-unknown-linux-gnu/12.2.0/../../../../lib64 -L/lib/../lib64 -L/usr/lib/../lib64 -L/usr/lib64/gcc/x86_64-unknown-linux-gnu/12.2.0/../../.. CMakeFiles/cmTC_65f54.dir/CMakeCCompilerABI.c.o -lgcc --push-state --as-needed -lgcc_s --pop-state -lc -lgcc --push-state --as-needed -lgcc_s --pop-state /usr/lib64/gcc/x86_64-unknown-linux-gnu/12.2.0/crtendS.o /usr/lib64/gcc/x86_64-unknown-linux-gnu/12.2.0/../../../../lib64/crtn.o
COLLECT_GCC_OPTIONS='-Wall' '-Wextra' '-v' '-o' 'cmTC_65f54' '-mtune=generic' '-march=x86-64' '-dumpdir' 'cmTC_65f54.'
make[1]: Leaving directory '/home/dirtyv/Codes/computer_systems/Assignment5_Plaintext_Decompressor/software/build/CMakeFiles/CMakeScratch/TryCompile-ESpCkN'



Parsed C implicit include dir info from above output: rv=done
  found start of include info
  found start of implicit include info
    add: [/usr/lib64/gcc/x86_64-unknown-linux-gnu/12.2.0/include]
    add: [/usr/local/include]
    add: [/usr/lib64/gcc/x86_64-unknown-linux-gnu/12.2.0/include-fixed]
    add: [/usr/include]
  end of search list found
  collapse include dir [/usr/lib64/gcc/x86_64-unknown-linux-gnu/12.2.0/include] ==> [/usr/lib64/gcc/x86_64-unknown-linux-gnu/12.2.0/include]
  collapse include dir [/usr/local/include] ==> [/usr/local/include]
  collapse include dir [/usr/lib64/gcc/x86_64-unknown-linux-gnu/12.2.0/include-fixed] ==> [/usr/lib64/gcc/x86_64-unknown-linux-gnu/12.2.0/include-fixed]
  collapse include dir [/usr/include] ==> [/usr/include]
  implicit include dirs: [/usr/lib64/gcc/x86_64-unknown-linux-gnu/12.2.0/include;/usr/local/include;/usr/lib64/gcc/x86_64-unknown-linux-gnu/12.2.0/include-fixed;/usr/include]


Parsed C implicit link information from above output:
  link line regex: [^( *|.*[/\])(ld|CMAKE_LINK_STARTFILE-NOTFOUND|([^/\]+-)?ld|collect2)[^/\]*( |$)]
  ignore line: [Change Dir: /home/dirtyv/Codes/computer_systems/Assignment5_Plaintext_Decompressor/software/build/CMakeFiles/CMakeScratch/TryCompile-ESpCkN]
  ignore line: []
  ignore line: [Run Build Command(s):/usr/bin/make -f Makefile cmTC_65f54/fast && /usr/bin/make  -f CMakeFiles/cmTC_65f54.dir/build.make CMakeFiles/cmTC_65f54.dir/build]
  ignore line: [make[1]: Entering directory '/home/dirtyv/Codes/computer_systems/Assignment5_Plaintext_Decompressor/software/build/CMakeFiles/CMakeScratch/TryCompile-ESpCkN']
  ignore line: [Building C object CMakeFiles/cmTC_65f54.dir/CMakeCCompilerABI.c.o]
  ignore line: [/usr/bin/gcc   -Wall -Wextra    -v -std=gnu17 -o CMakeFiles/cmTC_65f54.dir/CMakeCCompilerABI.c.o -c /usr/share/cmake-3.25/Modules/CMakeCCompilerABI.c]
  ignore line: [Reading specs from /usr/lib64/gcc/x86_64-unknown-linux-gnu/12.2.0/specs]
  ignore line: [COLLECT_GCC=/usr/bin/gcc]
  ignore line: [Target: x86_64-unknown-linux-gnu]
  ignore line: [Configured with: /builddir/gcc-12.2.0/configure --build=x86_64-unknown-linux-gnu --enable-gnu-unique-object --enable-vtable-verify --prefix=/usr --mandir=/usr/share/man --infodir=/usr/share/info --libexecdir=/usr/lib64 --libdir=/usr/lib64 --enable-threads=posix --enable-__cxa_atexit --disable-multilib --with-system-zlib --enable-shared --enable-lto --enable-plugins --enable-linker-build-id --disable-werror --disable-nls --enable-default-pie --enable-default-ssp --enable-checking=release --disable-libstdcxx-pch --with-isl --with-linker-hash-style=gnu --disable-sjlj-exceptions --disable-target-libiberty --enable-languages=c c++ objc obj-c++ fortran lto go ada]
  ignore line: [Thread model: posix]
  ignore line: [Supported LTO compression algorithms: zlib zstd]
  ignore line: [gcc version 12.2.0 (GCC) ]
  ignore line: [COLLECT_GCC_OPTIONS='-Wall' '-Wextra' '-v' '-std=gnu17' '-o' 'CMakeFiles/cmTC_65f54.dir/CMakeCCompilerABI.c.o' '-c' '-mtune=generic' '-march=x86-64' '-dumpdir' 'CMakeFiles/cmTC_65f54.dir/']
  ignore line: [ /usr/lib64/gcc/x86_64-unknown-linux-gnu/12.2.0/cc1 -quiet -v /usr/share/cmake-3.25/Modules/CMakeCCompilerABI.c -quiet -dumpdir CMakeFiles/cmTC_65f54.dir/ -dumpbase CMakeCCompilerABI.c.c -dumpbase-ext .c -mtune=generic -march=x86-64 -Wall -Wextra -std=gnu17 -version -o /tmp/ccwS97Hh.s]
  ignore line: [GNU C17 (GCC) version 12.2.0 (x86_64-unknown-linux-gnu)]
  ignore line: [	compiled by GNU C version 12.2.0  GMP version 6.2.1  MPFR version 4.1.0  MPC version 1.2.1  isl version isl-0.24-GMP]
  ignore line: []
  ignore line: [GGC heuristics: --param ggc-min-expand=100 --param ggc-min-heapsize=131072]
  ignore line: [ignoring nonexistent directory "/usr/lib64/gcc/x86_64-unknown-linux-gnu/12.2.0/../../../../x86_64-unknown-linux-gnu/include"]
  ignore line: [#include "..." search starts here:]
  ignore line: [#include <...> search starts here:]
  ignore line: [ /usr/lib64/gcc/x86_64-unknown-linux-gnu/12.2.0/include]
  ignore line: [ /usr/local/include]
  ignore line: [ /usr/lib64/gcc/x86_64-unknown-linux-gnu/12.2.0/include-fixed]
  ignore line: [ /usr/include]
  ignore line: [End of search list.]
  ignore line: [GNU C17 (GCC) version 12.2.0 (x86_64-unknown-linux-gnu)]
  ignore line: [	compiled by GNU C version 12.2.0  GMP version 6.2.1  MPFR version 4.1.0  MPC version 1.2.1  isl version isl-0.24-GMP]
  ignore line: []
  ignore line: [GGC heuristics: --param ggc-min-expand=100 --param ggc-min-heapsize=131072]
  ignore line: [Compiler executable checksum: 8537a9d4530e8dfdc3845cf8d86bfec5]
  ignore line: [COLLECT_GCC_OPTIONS='-Wall' '-Wextra' '-v' '-std=gnu17' '-o' 'CMakeFiles/cmTC_65f54.dir/CMakeCCompilerABI.c.o' '-c' '-mtune=generic' '-march=x86-64' '-dumpdir' 'CMakeFiles/cmTC_65f54.dir/']
  ignore line: [ as -v --64 -o CMakeFiles/cmTC_65f54.dir/CMakeCCompilerABI.c.o /tmp/ccwS97Hh.s]
  ignore line: [GNU assembler version 2.39 (x86_64-unknown-linux-gnu) using BFD version (GNU Binutils) 2.39]
  ignore line: [COMPILER_PATH=/usr/lib64/gcc/x86_64-unknown-linux-gnu/12.2.0/:/usr/lib64/gcc/x86_64-unknown-linux-gnu/12.2.0/:/usr/lib64/gcc/x86_64-unknown-linux-gnu/:/usr/lib64/gcc/x86_64-unknown-linux-gnu/12.2.0/:/usr/lib64/gcc/x86_64-unknown-linux-gnu/]
  ignore line: [LIBRARY_PATH=/usr/lib64/gcc/x86_64-unknown-linux-gnu/12.2.0/:/usr/lib64/gcc/x86_64-unknown-linux-gnu/12.2.0/../../../../lib64/:/lib/../lib64/:/usr/lib/../lib64/:/usr/lib64/gcc/x86_64-unknown-linux-gnu/12.2.0/../../../:/lib/:/usr/lib/]
  ignore line: [COLLECT_GCC_OPTIONS='-Wall' '-Wextra' '-v' '-std=gnu17' '-o' 'CMakeFiles/cmTC_65f54.dir/CMakeCCompilerABI.c.o' '-c' '-mtune=generic' '-march=x86-64' '-dumpdir' 'CMakeFiles/cmTC_65f54.dir/CMakeCCompilerABI.c.']
  ignore line: [Linking C executable cmTC_65f54]
  ignore line: [/usr/bin/cmake -E cmake_link_script CMakeFiles/cmTC_65f54.dir/link.txt --verbose=1]
  ignore line: [/usr/bin/gcc  -Wall -Wextra   -v CMakeFiles/cmTC_65f54.dir/CMakeCCompilerABI.c.o -o cmTC_65f54 ]
  ignore line: [Reading specs from /usr/lib64/gcc/x86_64-unknown-linux-gnu/12.2.0/specs]
  ignore line: [COLLECT_GCC=/usr/bin/gcc]
  ignore line: [COLLECT_LTO_WRAPPER=/usr/lib64/gcc/x86_64-unknown-linux-gnu/12.2.0/lto-wrapper]
  ignore line: [Target: x86_64-unknown-linux-gnu]
  ignore line: [Configured with: /builddir/gcc-12.2.0/configure --build=x86_64-unknown-linux-gnu --enable-gnu-unique-object --enable-vtable-verify --prefix=/usr --mandir=/usr/share/man --infodir=/usr/share/info --libexecdir=/usr/lib64 --libdir=/usr/lib64 --enable-threads=posix --enable-__cxa_atexit --disable-multilib --with-system-zlib --enable-shared --enable-lto --enable-plugins --enable-linker-build-id --disable-werror --disable-nls --enable-default-pie --enable-default-ssp --enable-checking=release --disable-libstdcxx-pch --with-isl --with-linker-hash-style=gnu --disable-sjlj-exceptions --disable-target-libiberty --enable-languages=c c++ objc obj-c++ fortran lto go ada]
  ignore line: [Thread model: posix]
  ignore line: [Supported LTO compression algorithms: zlib zstd]
  ignore line: [gcc version 12.2.0 (GCC) ]
  ignore line: [COMPILER_PATH=/usr/lib64/gcc/x86_64-unknown-linux-gnu/12.2.0/:/usr/lib64/gcc/x86_64-unknown-linux-gnu/12.2.0/:/usr/lib64/gcc/x86_64-unknown-linux-gnu/:/usr/lib64/gcc/x86_64-unknown-linux-gnu/12.2.0/:/usr/lib64/gcc/x86_64-unknown-linux-gnu/]
  ignore line: [LIBRARY_PATH=/usr/lib64/gcc/x86_64-unknown-linux-gnu/12.2.0/:/usr/lib64/gcc/x86_64-unknown-linux-gnu/12.2.0/../../../../lib64/:/lib/../lib64/:/usr/lib/../lib64/:/usr/lib64/gcc/x86_64-unknown-linux-gnu/12.2.0/../../../:/lib/:/usr/lib/]
  ignore line: [COLLECT_GCC_OPTIONS='-Wall' '-Wextra' '-v' '-o' 'cmTC_65f54' '-mtune=generic' '-march=x86-64' '-dumpdir' 'cmTC_65f54.']
  link line: [ /usr/lib64/gcc/x86_64-unknown-linux-gnu/12.2.0/collect2 -plugin /usr/lib64/gcc/x86_64-unknown-linux-gnu/12.2.0/liblto_plugin.so -plugin-opt=/usr/lib64/gcc/x86_64-unknown-linux-gnu/12.2.0/lto-wrapper -plugin-opt=-fresolution=/tmp/ccPyCOY5.res -plugin-opt=-pass-through=-lgcc -plugin-opt=-pass-through=-lgcc_s -plugin-opt=-pass-through=-lc -plugin-opt=-pass-through=-lgcc -plugin-opt=-pass-through=-lgcc_s --build-id --eh-frame-hdr --hash-style=gnu -m elf_x86_64 -dynamic-linker /lib64/ld-linux-x86-64.so.2 -pie -o cmTC_65f54 /usr/lib64/gcc/x86_64-unknown-linux-gnu/12.2.0/../../../../lib64/Scrt1.o /usr/lib64/gcc/x86_64-unknown-linux-gnu/12.2.0/../../../../lib64/crti.o /usr/lib64/gcc/x86_64-unknown-linux-gnu/12.2.0/crtbeginS.o -L/usr/lib64/gcc/x86_64-unknown-linux-gnu/12.2.0 -L/usr/lib64/gcc/x86_64-unknown-linux-gnu/12.2.0/../../../../lib64 -L/lib/../lib64 -L/usr/lib/../lib64 -L/usr/lib64/gcc/x86_64-unknown-linux-gnu/12.2.0/../../.. CMakeFiles/cmTC_65f54.dir/CMakeCCompilerABI.c.o -lgcc --push-state --as-needed -lgcc_s --pop-state -lc -lgcc --push-state --as-needed -lgcc_s --pop-state /usr/lib64/gcc/x86_64-unknown-linux-gnu/12.2.0/crtendS.o /usr/lib64/gcc/x86_64-unknown-linux-gnu/12.2.0/../../../../lib64/crtn.o]
    arg [/usr/lib64/gcc/x86_64-unknown-linux-gnu/12.2.0/collect2] ==> ignore
    arg [-plugin] ==> ignore
    arg [/usr/lib64/gcc/x86_64-unknown-linux-gnu/12.2.0/liblto_plugin.so] ==> ignore
    arg [-plugin-opt=/usr/lib64/gcc/x86_64-unknown-linux-gnu/12.2.0/lto-wrapper] ==> ignore
    arg [-plugin-opt=-fresolution=/tmp/ccPyCOY5.res] ==> ignore
    arg [-plugin-opt=-pass-through=-lgcc] ==> ignore
    arg [-plugin-opt=-pass-through=-lgcc_s] ==> ignore
    arg [-plugin-opt=-pass-through=-lc] ==> ignore
    arg [-plugin-opt=-pass-through=-lgcc] ==> ignore
    arg [-plugin-opt=-pass-through=-lgcc_s] ==> ignore
    arg [--build-id] ==> ignore
    arg [--eh-frame-hdr] ==> ignore
    arg [--hash-style=gnu] ==> ignore
    arg [-m] ==> ignore
    arg [elf_x86_64] ==> ignore
    arg [-dynamic-linker] ==> ignore
    arg [/lib64/ld-linux-x86-64.so.2] ==> ignore
    arg [-pie] ==> ignore
    arg [-o] ==> ignore
    arg [cmTC_65f54] ==> ignore
    arg [/usr/lib64/gcc/x86_64-unknown-linux-gnu/12.2.0/../../../../lib64/Scrt1.o] ==> obj [/usr/lib64/gcc/x86_64-unknown-linux-gnu/12.2.0/../../../../lib64/Scrt1.o]
    arg [/usr/lib64/gcc/x86_64-unknown-linux-gnu/12.2.0/../../../../lib64/crti.o] ==> obj [/usr/lib64/gcc/x86_64-unknown-linux-gnu/12.2.0/../../../../lib64/crti.o]
    arg [/usr/lib64/gcc/x86_64-unknown-linux-gnu/12.2.0/crtbeginS.o] ==> obj [/usr/lib64/gcc/x86_64-unknown-linux-gnu/12.2.0/crtbeginS.o]
    arg [-L/usr/lib64/gcc/x86_64-unknown-linux-gnu/12.2.0] ==> dir [/usr/lib64/gcc/x86_64-unknown-linux-gnu/12.2.0]
    arg [-L/usr/lib64/gcc/x86_64-unknown-linux-gnu/12.2.0/../../../../lib64] ==> dir [/usr/lib64/gcc/x86_64-unknown-linux-gnu/12.2.0/../../../../lib64]
    arg [-L/lib/../lib64] ==> dir [/lib/../lib64]
    arg [-L/usr/lib/../lib64] ==> dir [/usr/lib/../lib64]
    arg [-L/usr/lib64/gcc/x86_64-unknown-linux-gnu/12.2.0/../../..] ==> dir [/usr/lib64/gcc/x86_64-unknown-linux-gnu/12.2.0/../../..]
    arg [CMakeFiles/cmTC_65f54.dir/CMakeCCompilerABI.c.o] ==> ignore
    arg [-lgcc] ==> lib [gcc]
    arg [--push-state] ==> ignore
    arg [--as-needed] ==> ignore
    arg [-lgcc_s] ==> lib [gcc_s]
    arg [--pop-state] ==> ignore
    arg [-lc] ==> lib [c]
    arg [-lgcc] ==> lib [gcc]
    arg [--push-state] ==> ignore
    arg [--as-needed] ==> ignore
    arg [-lgcc_s] ==> lib [gcc_s]
    arg [--pop-state] ==> ignore
    arg [/usr/lib64/gcc/x86_64-unknown-linux-gnu/12.2.0/crtendS.o] ==> obj [/usr/lib64/gcc/x86_64-unknown-linux-gnu/12.2.0/crtendS.o]
    arg [/usr/lib64/gcc/x86_64-unknown-linux-gnu/12.2.0/../../../../lib64/crtn.o] ==> obj [/usr/lib64/gcc/x86_64-unknown-linux-gnu/12.2.0/../../../../lib64/crtn.o]
  collapse obj [/usr/lib64/gcc/x86_64-unknown-linux-gnu/12.2.0/../../../../lib64/Scrt1.o] ==> [/usr/lib64/Scrt1.o]
  collapse obj [/usr/lib64/gcc/x86_64-unknown-linux-gnu/12.2.0/../../../../lib64/crti.o] ==> [/usr/lib64/crti.o]
  collapse obj [/usr/lib64/gcc/x86_64-unknown-linux-gnu/12.2.0/../../../../lib64/crtn.o] ==> [/usr/lib64/crtn.o]
  collapse library dir [/usr/lib64/gcc/x86_64-unknown-linux-gnu/12.2.0] ==> [/usr/lib64/gcc/x86_64-unknown-linux-gnu/12.2.0]
  collapse library dir [/usr/lib64/gcc/x86_64-unknown-linux-gnu/12.2.0/../../../../lib64] ==> [/usr/lib64]
  collapse library dir [/lib/../lib64] ==> [/lib64]
  collapse library dir [/usr/lib/../lib64] ==> [/usr/lib64]
  collapse library dir [/usr/lib64/gcc/x86_64-unknown-linux-gnu/12.2.0/../../..] ==> [/usr/lib64]
  implicit libs: [gcc;gcc_s;c;gcc;gcc_s]
  implicit objs: [/usr/lib64/Scrt1.o;/usr/lib64/crti.o;/usr/lib64/gcc/x86_64-unknown-linux-gnu/12.2.0/crtbeginS.o;/usr/lib64/gcc/x86_64-unknown-linux-gnu/12.2.0/crtendS.o;/usr/lib64/crtn.o]
  implicit dirs: [/usr/lib64/gcc/x86_64-unknown-linux-gnu/12.2.0;/usr/lib64;/lib64]
  implicit fwks: []


